<?xml version="1.0" encoding="UTF-8"?>
<!-- Generated by org.testng.reporters.JUnitReportReporter -->
<testsuite skipped="2" hostname="LAPTOP-62TB55UM" name="Academy.HomePage" tests="3" failures="0" timestamp="2021-08-16T11:18:04 IST" time="2.591" errors="1">
  <testcase name="initialize" time="2.591" classname="Academy.HomePage">
    <error type="org.openqa.selenium.SessionNotCreatedException" message="session not created: This version of ChromeDriver only supports Chrome version 90
Current browser version is 92.0.4515.131 with binary path C:\Program Files\Google\Chrome\Application\chrome.exe
Build info: version: &#039;3.141.59&#039;, revision: &#039;e82be7d358&#039;, time: &#039;2018-11-14T08:25:48&#039;
System info: host: &#039;LAPTOP-62TB55UM&#039;, ip: &#039;192.168.0.11&#039;, os.name: &#039;Windows 10&#039;, os.arch: &#039;amd64&#039;, os.version: &#039;10.0&#039;, java.version: &#039;1.8.0_281&#039;
Driver info: driver.version: ChromeDriver
remote stacktrace: Backtrace:
	Ordinal0 [0x0075C013+2474003]
	Ordinal0 [0x006F29C1+2042305]
	Ordinal0 [0x00602F68+1060712]
	Ordinal0 [0x0062188E+1185934]
	Ordinal0 [0x0061D600+1168896]
	Ordinal0 [0x0061AA83+1157763]
	Ordinal0 [0x0064A2A2+1352354]
	Ordinal0 [0x00648FAA+1347498]
	Ordinal0 [0x006466DB+1337051]
	Ordinal0 [0x00623427+1192999]
	Ordinal0 [0x006242EE+1196782]
	Ordinal0 [0x00624279+1196665]
	GetHandleVerifier [0x008E96FC+1590332]
	GetHandleVerifier [0x00998614+2306900]
	GetHandleVerifier [0x007E9E93+543699]
	GetHandleVerifier [0x007E92CE+540686]
	Ordinal0 [0x006F86BA+2066106]
	Ordinal0 [0x006FD1C8+2085320]
	Ordinal0 [0x006FD308+2085640]
	Ordinal0 [0x007067F3+2123763]
	BaseThreadInitThunk [0x7596FA29+25]
	RtlGetAppContainerNamedObjectPath [0x778E7A7E+286]
	RtlGetAppContainerNamedObjectPath [0x778E7A4E+238]
">
      <![CDATA[org.openqa.selenium.SessionNotCreatedException: session not created: This version of ChromeDriver only supports Chrome version 90
Current browser version is 92.0.4515.131 with binary path C:\Program Files\Google\Chrome\Application\chrome.exe
Build info: version: '3.141.59', revision: 'e82be7d358', time: '2018-11-14T08:25:48'
System info: host: 'LAPTOP-62TB55UM', ip: '192.168.0.11', os.name: 'Windows 10', os.arch: 'amd64', os.version: '10.0', java.version: '1.8.0_281'
Driver info: driver.version: ChromeDriver
remote stacktrace: Backtrace:
Ordinal0 [0x0075C013+2474003]
Ordinal0 [0x006F29C1+2042305]
Ordinal0 [0x00602F68+1060712]
Ordinal0 [0x0062188E+1185934]
Ordinal0 [0x0061D600+1168896]
Ordinal0 [0x0061AA83+1157763]
Ordinal0 [0x0064A2A2+1352354]
Ordinal0 [0x00648FAA+1347498]
Ordinal0 [0x006466DB+1337051]
Ordinal0 [0x00623427+1192999]
Ordinal0 [0x006242EE+1196782]
Ordinal0 [0x00624279+1196665]
GetHandleVerifier [0x008E96FC+1590332]
GetHandleVerifier [0x00998614+2306900]
GetHandleVerifier [0x007E9E93+543699]
GetHandleVerifier [0x007E92CE+540686]
Ordinal0 [0x006F86BA+2066106]
Ordinal0 [0x006FD1C8+2085320]
Ordinal0 [0x006FD308+2085640]
Ordinal0 [0x007067F3+2123763]
BaseThreadInitThunk [0x7596FA29+25]
RtlGetAppContainerNamedObjectPath [0x778E7A7E+286]
RtlGetAppContainerNamedObjectPath [0x778E7A4E+238]

at sun.reflect.NativeConstructorAccessorImpl.newInstance0(Native Method)
at sun.reflect.NativeConstructorAccessorImpl.newInstance(NativeConstructorAccessorImpl.java:62)
at sun.reflect.DelegatingConstructorAccessorImpl.newInstance(DelegatingConstructorAccessorImpl.java:45)
at java.lang.reflect.Constructor.newInstance(Constructor.java:423)
at org.openqa.selenium.remote.W3CHandshakeResponse.lambda$errorHandler$0(W3CHandshakeResponse.java:62)
at org.openqa.selenium.remote.HandshakeResponse.lambda$getResponseFunction$0(HandshakeResponse.java:30)
at org.openqa.selenium.remote.ProtocolHandshake.lambda$createSession$0(ProtocolHandshake.java:126)
at java.util.stream.ReferencePipeline$3$1.accept(ReferencePipeline.java:193)
at java.util.Spliterators$ArraySpliterator.tryAdvance(Spliterators.java:958)
at java.util.stream.ReferencePipeline.forEachWithCancel(ReferencePipeline.java:126)
at java.util.stream.AbstractPipeline.copyIntoWithCancel(AbstractPipeline.java:499)
at java.util.stream.AbstractPipeline.copyInto(AbstractPipeline.java:486)
at java.util.stream.AbstractPipeline.wrapAndCopyInto(AbstractPipeline.java:472)
at java.util.stream.FindOps$FindOp.evaluateSequential(FindOps.java:152)
at java.util.stream.AbstractPipeline.evaluate(AbstractPipeline.java:234)
at java.util.stream.ReferencePipeline.findFirst(ReferencePipeline.java:464)
at org.openqa.selenium.remote.ProtocolHandshake.createSession(ProtocolHandshake.java:128)
at org.openqa.selenium.remote.ProtocolHandshake.createSession(ProtocolHandshake.java:74)
at org.openqa.selenium.remote.HttpCommandExecutor.execute(HttpCommandExecutor.java:136)
at org.openqa.selenium.remote.service.DriverCommandExecutor.execute(DriverCommandExecutor.java:83)
at org.openqa.selenium.remote.RemoteWebDriver.execute(RemoteWebDriver.java:552)
at org.openqa.selenium.remote.RemoteWebDriver.startSession(RemoteWebDriver.java:213)
at org.openqa.selenium.remote.RemoteWebDriver.<init>(RemoteWebDriver.java:131)
at org.openqa.selenium.chrome.ChromeDriver.<init>(ChromeDriver.java:181)
at org.openqa.selenium.chrome.ChromeDriver.<init>(ChromeDriver.java:168)
at org.openqa.selenium.chrome.ChromeDriver.<init>(ChromeDriver.java:123)
at resources.Base.initializeDriver(Base.java:40)
at Academy.HomePage.initialize(HomePage.java:25)
at sun.reflect.NativeMethodAccessorImpl.invoke0(Native Method)
at sun.reflect.NativeMethodAccessorImpl.invoke(NativeMethodAccessorImpl.java:62)
at sun.reflect.DelegatingMethodAccessorImpl.invoke(DelegatingMethodAccessorImpl.java:43)
at java.lang.reflect.Method.invoke(Method.java:498)
at org.testng.internal.MethodInvocationHelper.invokeMethod(MethodInvocationHelper.java:133)
at org.testng.internal.MethodInvocationHelper.invokeMethodConsideringTimeout(MethodInvocationHelper.java:62)
at org.testng.internal.ConfigInvoker.invokeConfigurationMethod(ConfigInvoker.java:385)
at org.testng.internal.ConfigInvoker.invokeConfigurations(ConfigInvoker.java:321)
at org.testng.TestRunner.invokeTestConfigurations(TestRunner.java:637)
at org.testng.TestRunner.beforeRun(TestRunner.java:627)
at org.testng.TestRunner.run(TestRunner.java:589)
at org.testng.SuiteRunner.runTest(SuiteRunner.java:377)
at org.testng.SuiteRunner.access$000(SuiteRunner.java:28)
at org.testng.SuiteRunner$SuiteWorker.run(SuiteRunner.java:418)
at org.testng.internal.thread.ThreadUtil.lambda$execute$0(ThreadUtil.java:64)
at java.util.concurrent.FutureTask.run(FutureTask.java:266)
at java.util.concurrent.ThreadPoolExecutor.runWorker(ThreadPoolExecutor.java:1149)
at java.util.concurrent.ThreadPoolExecutor$Worker.run(ThreadPoolExecutor.java:624)
at java.lang.Thread.run(Thread.java:748)
]]>
    </error>
  </testcase> <!-- initialize -->
  <system-out/>
  <testcase name="basepageNavigation" time="0.000" classname="Academy.HomePage">
    <skipped/>
  </testcase> <!-- basepageNavigation -->
  <system-out/>
  <testcase name="basepageNavigation" time="0.000" classname="Academy.HomePage">
    <skipped/>
  </testcase> <!-- basepageNavigation -->
  <system-out/>
</testsuite> <!-- Academy.HomePage -->
